(in /Users/guiocavalcanti/workspace/work/redu)
** Erubis 2.6.6
[31m[1mDeprecated ActionMailer API[0m
[37mYou're using the old ActionMailer API to send e-mails in a controller, model, or observer.
[1mMore information:[0m [36mhttp://lindsaar.net/2010/1/26/new-actionmailer-api-in-rails-3

[37mThe culprits: 
[33m	- app/models/contact.rb
[0m
[31m[1mOld ActionMailer class API[0m
[37mYou're using the old API in a mailer class.
[1mMore information:[0m [36mhttp://lindsaar.net/2010/1/26/new-actionmailer-api-in-rails-3

[37mThe culprits: 
[33m	- app/models/user_notifier.rb
[33m	- app/models/lecture.rb
[33m	- app/models/message.rb
[33m	- app/models/user_notifier.rb
[33m	- app/models/acquisition.rb
[0m
[31m[1mUpdated syntax for validate_on_* methods[0m
[37mValidate-on-callback methods (validate_on_create/validate_on_destroy) have been changed to validate :x, :on => :create
[1mMore information:[0m [36mhttps://rails.lighthouseapp.com/projects/8994/tickets/3880-validate_on_create-and-validate_on_update-no-longer-seem-to-exist

[37mThe culprits: 
[33m	- app/models/user.rb
[0m
[31m[1mDeprecated session secret setting[0m
[37mPreviously, session secret was set directly on ActionController::Base; it's now config.secret_token.
[1mMore information:[0m [36mhttp://lindsaar.net/2010/4/7/rails_3_session_secret_and_session_store

[37mThe culprits: 
[33m	- config/initializers/session_store.rb
[0m
[31m[1mOld Rails generator API[0m
[37mA plugin in the app is using the old generator API (a new one may be available at http://github.com/trydionel/rails3-generators).
[1mMore information:[0m [36mhttp://blog.plataformatec.com.br/2010/01/discovering-rails-3-generators/

[37mThe culprits: 
[33m	- vendor/plugins/ajaxful_rating/generators/
[33m	- vendor/plugins/ajaxful_rating/generators/ajaxful_rating/
[33m	- vendor/plugins/calendar_helper/generators/
[33m	- vendor/plugins/calendar_helper/generators/calendar_styles/
[33m	- vendor/plugins/rails-ckeditor/generators/
[33m	- vendor/plugins/rails-ckeditor/generators/ckeditor_install/
[33m	- vendor/plugins/rails-ckeditor/generators/ckeditor_migration/
[33m	- vendor/plugins/simple_private_messages/generators/
[33m	- vendor/plugins/simple_private_messages/generators/private_message_model/
[33m	- vendor/plugins/simple_private_messages/generators/private_message_scaffold/
[33m	- vendor/plugins/vote_fu/generators/
[33m	- vendor/plugins/vote_fu/generators/vote_fu/
[0m
[31m[1mUpdated syntax for before_validation_on_* methods[0m
[37mbefore_validation_on_* methods have been changed to before_validation(:on => :create/:update) { ... }
[1mMore information:[0m [36mhttps://rails.lighthouseapp.com/projects/8994/tickets/4699-before_validation_on_create-and-before_validation_on_update-doesnt-exist

[37mThe culprits: 
[33m	- app/models/user_course_invitation.rb
[0m
[31m[1mOld session store setting[0m
[37mPreviously, session store was set directly on ActionController::Base; it's now config.session_store :whatever.
[1mMore information:[0m [36mhttp://lindsaar.net/2010/4/7/rails_3_session_secret_and_session_store

[37mThe culprits: 
[33m	- config/initializers/session_store.rb
[0m
[31m[1mOld router API[0m
[37mThe router API has totally changed.
[1mMore information:[0m [36mhttp://yehudakatz.com/2009/12/26/the-rails-3-router-rack-it-up/

[37mThe culprits: 
[33m	- config/routes.rb
[0m
[31m[1mKnown broken plugins[0m
[37mAt least one plugin in your app is broken (according to the wiki).  Most of project maintainers are rapidly working towards compatability, but do be aware you may encounter issues.
[1mMore information:[0m [36mhttp://wiki.rubyonrails.org/rails/version3/plugins_and_gems

[37mThe culprits: 
[33m	- searchlogic
[0m
[31m[1mDeprecated test_help path[0m
[37mYou now must require 'rails/test_help' not just 'test_help'.
[1mMore information:[0m [36mhttp://weblog.rubyonrails.org/2009/9/1/gem-packaging-best-practices

[37mThe culprits: 
[33m	- test/test_helper.rb
[0m
[31m[1mNew file needed: config/application.rb[0m
[37mYou need to add a config/application.rb.
[1mMore information:[0m [36mhttp://omgbloglol.com/post/353978923/the-path-to-rails-3-approaching-the-upgrade

[37mThe culprits: 
[33m	- config/application.rb
[0m
[31m[1mDeprecated ERb helper calls[0m
[37mBlock helpers that use concat (e.g., form_for) should use <%= instead of <%.  The current form will continue to work for now, but you will get deprecation warnings since this form will go away in the future.
[1mMore information:[0m [36mhttp://weblog.rubyonrails.org/

[37mThe culprits: 
[33m	- app/views/environments/edit.html.erb
[33m	- app/views/base/site_index.html.erb
[33m	- app/views/environments/_environment_simple_form.html.erb
[33m	- app/views/exams/answer.html.erb
[33m	- app/views/exams/new.html.erb
[33m	- app/views/exams/step1.html.erb
[33m	- app/views/exams/step2_simple.html.erb
[33m	- app/views/exams/step3.html.erb
[33m	- app/views/folders/_admin.html.erb
[33m	- app/views/lectures/_form_edit.html.erb
[33m	- app/views/lectures/edit_page.html.erb
[33m	- app/views/lectures/step1.html.erb
[33m	- app/views/lectures/step2_page.html.erb
[33m	- app/views/lectures/step2_seminar.html.erb
[33m	- app/views/lectures/step3.html.erb
[33m	- app/views/messages/_form.html.erb
[33m	- app/views/messages/_form_reply.html.erb
[33m	- app/views/questions/_question_form.html.erb
[33m	- app/views/sessions/new.html.erb
[33m	- app/views/shared/_annotation.html.erb
[33m	- app/views/spaces/edit.html.erb
[33m	- app/views/user_course_invitations/show.html.erb
[33m	- app/views/users/_account.html.erb
[33m	- app/views/users/_form.html.erb
[33m	- app/views/users/_form_account.html.erb
[33m	- app/views/users/invite.html.erb
[33m	- app/views/bulletins/_moderate_index_admin.html.erb
[33m	- app/views/courses/_filtering.html.erb
[33m	- app/views/courses/_pending_member_list_admin.html.erb
[33m	- app/views/events/_moderate_index_admin.html.erb
[33m	- app/views/exams/next_question.html.erb
[33m	- app/views/exams/review.html.erb
[33m	- app/views/messages/_index.html.erb
[33m	- app/views/messages/show.html.erb
[33m	- app/views/plans/upgrade.html.erb
[33m	- app/views/sessions/expired_activation.html.erb
[33m	- app/views/spaces/index.html.erb
[33m	- app/views/subjects/admin_lectures_order.html.erb
[33m	- app/views/users/forgot_password.html.erb
[33m	- app/views/users/forgot_username.html.erb
[33m	- app/views/users/list_subjects.html.erb
[33m	- app/views/environments/_form.html.erb
[33m	- app/views/exams/_editor_step.html.erb
[33m	- app/views/exams/_question_fields.html.erb
[33m	- app/views/base/_contact_form.html.erb
[33m	- app/views/courses/_form.html.erb
[33m	- app/views/courses/admin_members.html.erb
[33m	- app/views/environments/admin_members.html.erb
[33m	- app/views/exams/_general_form.html.erb
[33m	- app/views/exams/_general_step.html.erb
[33m	- app/views/exams/_instructions.html.erb
[33m	- app/views/exams/_question_answer.html.erb
[33m	- app/views/exams/index.html.erb
[33m	- app/views/lectures/_context.html.erb
[33m	- app/views/lectures/_form_document.html.erb
[33m	- app/views/lectures/_form_existent.html.erb
[33m	- app/views/lectures/_form_seminar.html.erb
[33m	- app/views/lectures/_page_fields.html.erb
[33m	- app/views/lectures/step2_document.html.erb
[33m	- app/views/sb_posts/_form.html.erb
[33m	- app/views/spaces/_form.html.erb
[33m	- app/views/statuses/_create_response.html.erb
[33m	- app/views/statuses/_create_status.html.erb
[33m	- app/views/subjects/_form.html.erb
[33m	- app/views/users/new.html.erb
[0m
[31m[1mDeprecated constant(s)[0m
[37mConstants like RAILS_ENV, RAILS_ROOT, and RAILS_DEFAULT_LOGGER are now deprecated.
[1mMore information:[0m [36mhttp://litanyagainstfear.com/blog/2010/02/03/the-rails-module/

[37mThe culprits: 
[33m	- lib/tasks/community_engine_tasks.rake
[33m	- lib/tasks/deployment.rake
[33m	- lib/tasks/jrails.rake
[33m	- lib/tasks/rspec.rake
[33m	- lib/tasks/s3.rake
[33m	- lib/tasks/translate_routes_tasks.rake
[0m
[31m[1mSoon-to-be-deprecated ActiveRecord calls[0m
[37mMethods such as find(:all), find(:first), finds with conditions, and the :joins option will soon be deprecated.
[1mMore information:[0m [36mhttp://m.onkey.org/2010/1/22/active-record-query-interface

[37mThe culprits: 
[33m	- app/controllers/base_controller.rb
[33m	- app/controllers/courses_controller.rb
[33m	- app/controllers/events_controller.rb
[33m	- app/controllers/exams_controller.rb
[33m	- app/controllers/plans_controller.rb
[33m	- app/controllers/questions_controller.rb
[33m	- app/controllers/roles_controller.rb
[33m	- app/controllers/sb_posts_controller.rb
[33m	- app/controllers/tags_controller.rb
[33m	- app/controllers/topics_controller.rb
[33m	- app/controllers/users_controller.rb
[33m	- app/helpers/base_helper.rb
[33m	- app/helpers/spaces_helper.rb
[33m	- app/models/country.rb
[33m	- app/models/course.rb
[33m	- app/models/exam.rb
[33m	- app/models/folder.rb
[33m	- app/models/space.rb
[33m	- app/models/subject.rb
[33m	- app/models/tag.rb
[33m	- app/models/user.rb
[33m	- app/views/courses/_form.html.erb
[33m	- app/views/courses/index.html.erb
[33m	- app/views/folders/.tmp_list.rhtml.63774~
[33m	- app/views/folders/.tmp_list.rhtml.65028~
[33m	- app/views/messages/_form.html.erb
[33m	- app/views/metro_areas/edit.html.haml
[33m	- app/views/metro_areas/new.html.haml
[33m	- app/views/sb_posts/monitored.html.erb
[33m	- app/views/spaces/.tmp__general_step.html.erb.3068~
[33m	- app/views/spaces/.tmp__general_step.html.erb.90010~
[33m	- app/views/topics/_form0.html.haml
[33m	- app/controllers/jobs_controller.rb
[33m	- app/controllers/messages_controller.rb
[33m	- app/controllers/roles_controller.rb
[33m	- app/models/course.rb
[33m	- app/models/environment.rb
[33m	- app/models/forum.rb
[33m	- app/models/question.rb
[33m	- app/models/space.rb
[33m	- app/models/topic.rb
[33m	- app/models/user.rb
[33m	- app/controllers/exams_controller.rb
[33m	- app/controllers/jobs_controller.rb
[33m	- app/controllers/messages_controller.rb
[33m	- app/controllers/questions_controller.rb
[33m	- app/controllers/sb_posts_controller.rb
[33m	- app/controllers/tags_controller.rb
[33m	- app/controllers/users_controller.rb
[33m	- app/models/country.rb
[33m	- app/models/question.rb
[33m	- app/models/user.rb
[33m	- app/views/messages/_form.html.erb
[33m	- app/controllers/exams_controller.rb
[33m	- app/controllers/favorites_controller.rb
[33m	- app/controllers/sb_posts_controller.rb
[33m	- app/models/asset_report.rb
[33m	- app/models/course.rb
[33m	- app/models/sb_post.rb
[0m
[31m[1mnamed_scope is now just scope[0m
[37mThe named_scope method has been renamed to just scope.
[1mMore information:[0m [36mhttp://github.com/rails/rails/commit/d60bb0a9e4be2ac0a9de9a69041a4ddc2e0cc914

[37mThe culprits: 
[33m	- app/models/annotation.rb
[33m	- app/models/asset_report.rb
[33m	- app/models/bulletin.rb
[33m	- app/models/course.rb
[33m	- app/models/enrollment.rb
[33m	- app/models/event.rb
[33m	- app/models/exam.rb
[33m	- app/models/exam_user.rb
[33m	- app/models/invoice.rb
[33m	- app/models/lecture.rb
[33m	- app/models/plan.rb
[33m	- app/models/question.rb
[33m	- app/models/sb_post.rb
[33m	- app/models/space.rb
[33m	- app/models/status.rb
[33m	- app/models/student_profile.rb
[33m	- app/models/subject.rb
[33m	- app/models/user.rb
[0m
[31m[1mDeprecated AJAX helper calls[0m
[37mAJAX javascript helpers have been switched to be unobtrusive and use :remote => true instead of having a seperate function to handle remote requests.
[1mMore information:[0m [36mhttp://www.themodestrubyist.com/2010/02/24/rails-3-ujs-and-csrf-meta-tags/

[37mThe culprits: 
[33m	- app/views/courses/_invite_email_item_admin.html.erb
[33m	- app/views/courses/_invite_user_item_admin.html.erb
[33m	- app/views/environments/_user_item_admin.html.erb
[33m	- app/views/exams/_question_search.html.erb
[33m	- app/views/exams/_question_show.html.erb
[33m	- app/views/exams/answer.html.erb
[33m	- app/views/exams/index.html.erb
[33m	- app/views/favorites/lecture_favorite.rjs
[33m	- app/views/favorites/lecture_not_favorite.rjs
[33m	- app/views/favorites/status_favorite.rjs
[33m	- app/views/favorites/status_not_favorite.rjs
[33m	- app/views/folders/_list.html.erb
[33m	- app/views/lectures/_choose_type.html.erb
[33m	- app/views/lectures/_item_created.html.erb
[33m	- app/views/lectures/_item_short.html.erb
[33m	- app/views/lectures/show_document.html.erb
[33m	- app/views/lectures/show_page.html.erb
[33m	- app/views/lectures/show_seminar.html.erb
[33m	- app/views/like/_likeable.html.erb
[33m	- app/views/moderators/_toggle.html.erb
[33m	- app/views/questions/_list.html.erb
[33m	- app/views/questions/_question_show.html.erb
[33m	- app/views/shared/_favorite.html.erb
[33m	- app/views/spaces/index.html.erb
[33m	- app/views/statuses/_favorite.html.erb
[33m	- app/views/statuses/_item.html.erb
[33m	- app/views/statuses/_response.html.erb
[33m	- app/views/topics/show0.html.haml
[33m	- app/views/users/show.html.erb
[33m	- app/views/courses/_item_invitation.html.erb
[33m	- app/views/courses/admin_members.html.erb
[33m	- app/views/environments/admin_members.html.erb
[33m	- app/views/exams/_question_search.html.erb
[33m	- app/views/exams/_search.html.erb
[33m	- app/views/lectures/_context.html.erb
[33m	- app/views/lectures/_search.html.erb
[33m	- app/views/questions/add.html.erb
[33m	- app/views/shared/_annotation.html.erb
[0m
[31m[1mOld gem bundling (config.gems)[0m
[37mThe old way of bundling is gone now.  You need a Gemfile for bundler.
[1mMore information:[0m [36mhttp://omgbloglol.com/post/353978923/the-path-to-rails-3-approaching-the-upgrade

[37mThe culprits: 
[33m	- config/environments/test.rb
[0m
